<?xml version="1.0" encoding="UTF-8"?>
<testsuite xmlns:xsi="http://www.w3.org/2001/XMLSchema-instance" xsi:noNamespaceSchemaLocation="https://maven.apache.org/surefire/maven-surefire-plugin/xsd/surefire-test-report-3.0.xsd" version="3.0" name="com.company.automation.runners.E2ERunnerTest" time="0.551" tests="1" errors="1" skipped="0" failures="0">
  <properties>
[...]
</properties>
  <testcase name="Search products from Excel and validate cart functionality" classname="Zara product search and cart operations" time="0.069">
    <error message="For input string: &quot;&quot;" type="java.lang.NumberFormatException"><![CDATA[java.lang.NumberFormatException: For input string: ""
	at java.base/java.lang.NumberFormatException.forInputString(NumberFormatException.java:67)
	at java.base/java.lang.Integer.parseInt(Integer.java:541)
	at java.base/java.lang.Integer.parseInt(Integer.java:661)
	at com.company.automation.core.driver.DriverFactory.createDriver(DriverFactory.java:20)
	at com.company.automation.hooks.CucumberHooks.setUp(CucumberHooks.java:25)
]]></error>
    <system-out><![CDATA[
Scenario: Search products from Excel and validate cart functionality # src/test/resources/features/zara_add_to_cart.feature:6
      java.lang.NumberFormatException: For input string: ""
	at java.base/java.lang.NumberFormatException.forInputString(NumberFormatException.java:67)
	at java.base/java.lang.Integer.parseInt(Integer.java:541)
	at java.base/java.lang.Integer.parseInt(Integer.java:661)
	at com.company.automation.core.driver.DriverFactory.createDriver(DriverFactory.java:20)
	at com.company.automation.hooks.CucumberHooks.setUp(CucumberHooks.java:25)

  Given the user launches Zara website                               # com.company.automation.steps.CommonSteps.theUserLaunchesZaraWebsite()
]]></system-out>
  </testcase>
</testsuite>